06-Mar-2026 13:18:36 INFO - Could not detect default configuration classes for test class [com.rewards.api.RewardsApiApplicationTests]: RewardsApiApplicationTests does not declare any static, non-private, non-final, nested classes annotated with @Configuration.
06-Mar-2026 13:18:36 INFO - Found @SpringBootConfiguration com.rewards.api.RewardsApiApplication for test class com.rewards.api.RewardsApiApplicationTests
06-Mar-2026 13:18:37 INFO - Restart disabled due to context in which it is running
06-Mar-2026 13:18:37 INFO - Starting RewardsApiApplicationTests using Java 21.0.3 with PID 15784 (started by Lenovo in C:\Users\Lenovo\git\repository\rewards-api)
06-Mar-2026 13:18:37 INFO - No active profile set, falling back to 1 default profile: "default"
06-Mar-2026 13:18:39 INFO - Bootstrapping Spring Data JPA repositories in DEFAULT mode.
06-Mar-2026 13:18:39 INFO - Finished Spring Data repository scanning in 103 ms. Found 2 JPA repository interfaces.
06-Mar-2026 13:18:40 INFO - HikariPool-1 - Starting...
06-Mar-2026 13:18:41 INFO - HikariPool-1 - Added connection com.mysql.cj.jdbc.ConnectionImpl@194911c1
06-Mar-2026 13:18:41 INFO - HikariPool-1 - Start completed.
06-Mar-2026 13:18:41 INFO - HHH000204: Processing PersistenceUnitInfo [name: default]
06-Mar-2026 13:18:41 INFO - HHH000412: Hibernate ORM core version 6.6.42.Final
06-Mar-2026 13:18:41 INFO - HHH000026: Second-level cache disabled
06-Mar-2026 13:18:42 INFO - No LoadTimeWeaver setup: ignoring JPA class transformer
06-Mar-2026 13:18:42 INFO - HHH10001005: Database info:
	Database JDBC URL [Connecting through datasource 'HikariDataSource (HikariPool-1)']
	Database driver: undefined/unknown
	Database version: 8.0.45
	Autocommit mode: undefined/unknown
	Isolation level: undefined/unknown
	Minimum pool size: undefined/unknown
	Maximum pool size: undefined/unknown
06-Mar-2026 13:18:43 INFO - HHH000489: No JTA platform available (set 'hibernate.transaction.jta.platform' to enable JTA platform integration)
06-Mar-2026 13:18:43 INFO - Initialized JPA EntityManagerFactory for persistence unit 'default'
06-Mar-2026 13:18:44 WARN - spring.jpa.open-in-view is enabled by default. Therefore, database queries may be performed during view rendering. Explicitly configure spring.jpa.open-in-view to disable this warning
06-Mar-2026 13:18:45 INFO - Started RewardsApiApplicationTests in 8.714 seconds (process running for 12.003)
06-Mar-2026 13:18:46 INFO - Closing JPA EntityManagerFactory for persistence unit 'default'
06-Mar-2026 13:18:46 INFO - HikariPool-1 - Shutdown initiated...
06-Mar-2026 13:18:46 INFO - HikariPool-1 - Shutdown completed.
06-Mar-2026 13:19:18 INFO - Starting RewardsApiApplication using Java 21.0.3 with PID 16948 (C:\Users\Lenovo\git\repository\rewards-api\target\classes started by Lenovo in C:\Users\Lenovo\git\repository\rewards-api)
06-Mar-2026 13:19:18 INFO - No active profile set, falling back to 1 default profile: "default"
06-Mar-2026 13:19:18 INFO - Devtools property defaults active! Set 'spring.devtools.add-properties' to 'false' to disable
06-Mar-2026 13:19:18 INFO - For additional web related logging consider setting the 'logging.level.web' property to 'DEBUG'
06-Mar-2026 13:19:19 INFO - Bootstrapping Spring Data JPA repositories in DEFAULT mode.
06-Mar-2026 13:19:19 INFO - Finished Spring Data repository scanning in 106 ms. Found 2 JPA repository interfaces.
06-Mar-2026 13:19:21 INFO - Tomcat initialized with port 8765 (http)
06-Mar-2026 13:19:21 INFO - Initializing ProtocolHandler ["http-nio-8765"]
06-Mar-2026 13:19:21 INFO - Starting service [Tomcat]
06-Mar-2026 13:19:21 INFO - Starting Servlet engine: [Apache Tomcat/10.1.52]
06-Mar-2026 13:19:21 INFO - Initializing Spring embedded WebApplicationContext
06-Mar-2026 13:19:21 INFO - Root WebApplicationContext: initialization completed in 2898 ms
06-Mar-2026 13:19:21 INFO - HikariPool-1 - Starting...
06-Mar-2026 13:19:22 INFO - HikariPool-1 - Added connection com.mysql.cj.jdbc.ConnectionImpl@26165f51
06-Mar-2026 13:19:22 INFO - HikariPool-1 - Start completed.
06-Mar-2026 13:19:22 INFO - HHH000204: Processing PersistenceUnitInfo [name: default]
06-Mar-2026 13:19:22 INFO - HHH000412: Hibernate ORM core version 6.6.42.Final
06-Mar-2026 13:19:22 INFO - HHH000026: Second-level cache disabled
06-Mar-2026 13:19:23 INFO - No LoadTimeWeaver setup: ignoring JPA class transformer
06-Mar-2026 13:19:23 INFO - HHH10001005: Database info:
	Database JDBC URL [Connecting through datasource 'HikariDataSource (HikariPool-1)']
	Database driver: undefined/unknown
	Database version: 8.0.45
	Autocommit mode: undefined/unknown
	Isolation level: undefined/unknown
	Minimum pool size: undefined/unknown
	Maximum pool size: undefined/unknown
06-Mar-2026 13:19:24 INFO - HHH000489: No JTA platform available (set 'hibernate.transaction.jta.platform' to enable JTA platform integration)
06-Mar-2026 13:19:24 INFO - Initialized JPA EntityManagerFactory for persistence unit 'default'
06-Mar-2026 13:19:25 WARN - spring.jpa.open-in-view is enabled by default. Therefore, database queries may be performed during view rendering. Explicitly configure spring.jpa.open-in-view to disable this warning
06-Mar-2026 13:19:26 INFO - LiveReload server is running on port 35729
06-Mar-2026 13:19:26 INFO - Starting ProtocolHandler ["http-nio-8765"]
06-Mar-2026 13:19:26 INFO - Tomcat started on port 8765 (http) with context path '/'
06-Mar-2026 13:19:26 INFO - Started RewardsApiApplication in 8.777 seconds (process running for 10.294)
